-Xajruntimetarget:1.5
-Xlint:ignore
-1.8
-encoding
UTF-8
-outxml
-showWeaveInfo
-source
1.8
-target
1.8
-classpath
C:\Users\roman_iovlev\.m2\repository\com\epam\jdi\jdi-light\1.0.65\jdi-light-1.0.65.jar;C:\Users\roman_iovlev\.m2\repository\io\qameta\allure\allure-java-commons\2.7.0\allure-java-commons-2.7.0.jar;C:\Users\roman_iovlev\.m2\repository\io\qameta\allure\allure2-model-api\1.0.0\allure2-model-api-1.0.0.jar;C:\Users\roman_iovlev\.m2\repository\io\qameta\allure\allure2-model-pojo\1.0.0\allure2-model-pojo-1.0.0.jar;C:\Users\roman_iovlev\.m2\repository\org\apache\tika\tika-core\1.14\tika-core-1.14.jar;C:\Users\roman_iovlev\.m2\repository\io\qameta\allure\allure2-model-jackson\1.0.0\allure2-model-jackson-1.0.0.jar;C:\Users\roman_iovlev\.m2\repository\com\fasterxml\jackson\core\jackson-databind\2.7.0\jackson-databind-2.7.0.jar;C:\Users\roman_iovlev\.m2\repository\com\fasterxml\jackson\core\jackson-annotations\2.7.0\jackson-annotations-2.7.0.jar;C:\Users\roman_iovlev\.m2\repository\com\fasterxml\jackson\core\jackson-core\2.7.0\jackson-core-2.7.0.jar;C:\Users\roman_iovlev\.m2\repository\com\fasterxml\jackson\module\jackson-module-jaxb-annotations\2.7.0\jackson-module-jaxb-annotations-2.7.0.jar;C:\Users\roman_iovlev\.m2\repository\org\jooq\joor-java-8\0.9.9\joor-java-8-0.9.9.jar;C:\Users\roman_iovlev\.m2\repository\org\slf4j\slf4j-api\1.7.25\slf4j-api-1.7.25.jar;C:\Users\roman_iovlev\.m2\repository\com\epam\jdi\tools\jdi-light-saber\2.0.54\jdi-light-saber-2.0.54.jar;C:\Users\roman_iovlev\.m2\repository\org\apache\logging\log4j\log4j-api\2.11.1\log4j-api-2.11.1.jar;C:\Users\roman_iovlev\.m2\repository\org\apache\logging\log4j\log4j-core\2.11.1\log4j-core-2.11.1.jar;C:\Users\roman_iovlev\.m2\repository\org\apache\logging\log4j\log4j-slf4j-impl\2.11.1\log4j-slf4j-impl-2.11.1.jar;C:\Users\roman_iovlev\.m2\repository\org\apache\logging\log4j\log4j-1.2-api\2.11.1\log4j-1.2-api-2.11.1.jar;C:\Users\roman_iovlev\.m2\repository\org\seleniumhq\selenium\selenium-java\4.0.0-alpha-1\selenium-java-4.0.0-alpha-1.jar;C:\Users\roman_iovlev\.m2\repository\org\seleniumhq\selenium\selenium-chrome-driver\4.0.0-alpha-1\selenium-chrome-driver-4.0.0-alpha-1.jar;C:\Users\roman_iovlev\.m2\repository\org\seleniumhq\selenium\selenium-remote-driver\4.0.0-alpha-1\selenium-remote-driver-4.0.0-alpha-1.jar;C:\Users\roman_iovlev\.m2\repository\org\seleniumhq\selenium\selenium-api\4.0.0-alpha-1\selenium-api-4.0.0-alpha-1.jar;C:\Users\roman_iovlev\.m2\repository\net\bytebuddy\byte-buddy\1.9.12\byte-buddy-1.9.12.jar;C:\Users\roman_iovlev\.m2\repository\org\apache\commons\commons-exec\1.3\commons-exec-1.3.jar;C:\Users\roman_iovlev\.m2\repository\com\google\guava\guava\27.1-jre\guava-27.1-jre.jar;C:\Users\roman_iovlev\.m2\repository\com\google\guava\failureaccess\1.0.1\failureaccess-1.0.1.jar;C:\Users\roman_iovlev\.m2\repository\com\google\guava\listenablefuture\9999.0-empty-to-avoid-conflict-with-guava\listenablefuture-9999.0-empty-to-avoid-conflict-with-guava.jar;C:\Users\roman_iovlev\.m2\repository\com\google\code\findbugs\jsr305\3.0.2\jsr305-3.0.2.jar;C:\Users\roman_iovlev\.m2\repository\org\checkerframework\checker-qual\2.5.2\checker-qual-2.5.2.jar;C:\Users\roman_iovlev\.m2\repository\com\google\errorprone\error_prone_annotations\2.2.0\error_prone_annotations-2.2.0.jar;C:\Users\roman_iovlev\.m2\repository\com\google\j2objc\j2objc-annotations\1.1\j2objc-annotations-1.1.jar;C:\Users\roman_iovlev\.m2\repository\org\codehaus\mojo\animal-sniffer-annotations\1.17\animal-sniffer-annotations-1.17.jar;C:\Users\roman_iovlev\.m2\repository\com\squareup\okhttp3\okhttp\3.14.0\okhttp-3.14.0.jar;C:\Users\roman_iovlev\.m2\repository\com\squareup\okio\okio\1.17.2\okio-1.17.2.jar;C:\Users\roman_iovlev\.m2\repository\org\seleniumhq\selenium\selenium-edge-driver\4.0.0-alpha-1\selenium-edge-driver-4.0.0-alpha-1.jar;C:\Users\roman_iovlev\.m2\repository\org\seleniumhq\selenium\selenium-firefox-xpi-driver\4.0.0-alpha-1\selenium-firefox-xpi-driver-4.0.0-alpha-1.jar;C:\Users\roman_iovlev\.m2\repository\org\seleniumhq\selenium\selenium-firefox-driver\4.0.0-alpha-1\selenium-firefox-driver-4.0.0-alpha-1.jar;C:\Users\roman_iovlev\.m2\repository\org\seleniumhq\selenium\selenium-ie-driver\4.0.0-alpha-1\selenium-ie-driver-4.0.0-alpha-1.jar;C:\Users\roman_iovlev\.m2\repository\org\seleniumhq\selenium\selenium-opera-driver\4.0.0-alpha-1\selenium-opera-driver-4.0.0-alpha-1.jar;C:\Users\roman_iovlev\.m2\repository\org\seleniumhq\selenium\selenium-safari-driver\4.0.0-alpha-1\selenium-safari-driver-4.0.0-alpha-1.jar;C:\Users\roman_iovlev\.m2\repository\org\seleniumhq\selenium\selenium-support\4.0.0-alpha-1\selenium-support-4.0.0-alpha-1.jar;C:\Users\roman_iovlev\.m2\repository\net\lingala\zip4j\zip4j\1.3.3\zip4j-1.3.3.jar;C:\Users\roman_iovlev\.m2\repository\io\github\bonigarcia\webdrivermanager\3.6.0\webdrivermanager-3.6.0.jar;C:\Users\roman_iovlev\.m2\repository\commons-io\commons-io\2.6\commons-io-2.6.jar;C:\Users\roman_iovlev\.m2\repository\com\google\code\gson\gson\2.8.5\gson-2.8.5.jar;C:\Users\roman_iovlev\.m2\repository\org\apache\httpcomponents\httpclient\4.5.6\httpclient-4.5.6.jar;C:\Users\roman_iovlev\.m2\repository\org\apache\httpcomponents\httpcore\4.4.10\httpcore-4.4.10.jar;C:\Users\roman_iovlev\.m2\repository\commons-logging\commons-logging\1.2\commons-logging-1.2.jar;C:\Users\roman_iovlev\.m2\repository\commons-codec\commons-codec\1.10\commons-codec-1.10.jar;C:\Users\roman_iovlev\.m2\repository\org\rauschig\jarchivelib\1.0.0\jarchivelib-1.0.0.jar;C:\Users\roman_iovlev\.m2\repository\org\apache\commons\commons-compress\1.18\commons-compress-1.18.jar;C:\Users\roman_iovlev\.m2\repository\org\jsoup\jsoup\1.11.3\jsoup-1.11.3.jar;C:\Users\roman_iovlev\.m2\repository\org\aspectj\aspectjrt\1.9.1\aspectjrt-1.9.1.jar;C:\Users\roman_iovlev\.m2\repository\org\hamcrest\hamcrest-all\1.3\hamcrest-all-1.3.jar;C:\Users\roman_iovlev\.m2\repository\org\apache\commons\commons-lang3\3.9\commons-lang3-3.9.jar;D:\Work\Projects\JDI2\Java\JDIGit\JDILight\jdi-light-html\target\classes
-d
D:\Work\Projects\JDI2\Java\JDIGit\JDILight\jdi-light-html\target\classes
D:\Work\Projects\JDI2\Java\JDIGit\JDILight\jdi-light-html\src\main\java\com\epam\jdi\light\ui\html\actions\HtmlActions.java
D:\Work\Projects\JDI2\Java\JDIGit\JDILight\jdi-light-html\src\main\java\com\epam\jdi\light\ui\html\annotations\FillValue.java
D:\Work\Projects\JDI2\Java\JDIGit\JDILight\jdi-light-html\src\main\java\com\epam\jdi\light\ui\html\annotations\VerifyValue.java
D:\Work\Projects\JDI2\Java\JDIGit\JDILight\jdi-light-html\src\main\java\com\epam\jdi\light\ui\html\asserts\CheckboxAssert.java
D:\Work\Projects\JDI2\Java\JDIGit\JDILight\jdi-light-html\src\main\java\com\epam\jdi\light\ui\html\asserts\ColorAssert.java
D:\Work\Projects\JDI2\Java\JDIGit\JDILight\jdi-light-html\src\main\java\com\epam\jdi\light\ui\html\asserts\ComboboxAssert.java
D:\Work\Projects\JDI2\Java\JDIGit\JDILight\jdi-light-html\src\main\java\com\epam\jdi\light\ui\html\asserts\DateTimeAssert.java
D:\Work\Projects\JDI2\Java\JDIGit\JDILight\jdi-light-html\src\main\java\com\epam\jdi\light\ui\html\asserts\HtmlAssertion.java
D:\Work\Projects\JDI2\Java\JDIGit\JDILight\jdi-light-html\src\main\java\com\epam\jdi\light\ui\html\asserts\ImageAssert.java
D:\Work\Projects\JDI2\Java\JDIGit\JDILight\jdi-light-html\src\main\java\com\epam\jdi\light\ui\html\asserts\LinkAssert.java
D:\Work\Projects\JDI2\Java\JDIGit\JDILight\jdi-light-html\src\main\java\com\epam\jdi\light\ui\html\asserts\NumberAssert.java
D:\Work\Projects\JDI2\Java\JDIGit\JDILight\jdi-light-html\src\main\java\com\epam\jdi\light\ui\html\asserts\ProgressAssert.java
D:\Work\Projects\JDI2\Java\JDIGit\JDILight\jdi-light-html\src\main\java\com\epam\jdi\light\ui\html\asserts\RangeAssert.java
D:\Work\Projects\JDI2\Java\JDIGit\JDILight\jdi-light-html\src\main\java\com\epam\jdi\light\ui\html\asserts\TextAreaAssert.java
D:\Work\Projects\JDI2\Java\JDIGit\JDILight\jdi-light-html\src\main\java\com\epam\jdi\light\ui\html\asserts\TextAssert.java
D:\Work\Projects\JDI2\Java\JDIGit\JDILight\jdi-light-html\src\main\java\com\epam\jdi\light\ui\html\base\BaseSelector.java
D:\Work\Projects\JDI2\Java\JDIGit\JDILight\jdi-light-html\src\main\java\com\epam\jdi\light\ui\html\base\HasLabel.java
D:\Work\Projects\JDI2\Java\JDIGit\JDILight\jdi-light-html\src\main\java\com\epam\jdi\light\ui\html\base\HtmlChecklist.java
D:\Work\Projects\JDI2\Java\JDIGit\JDILight\jdi-light-html\src\main\java\com\epam\jdi\light\ui\html\base\HtmlCombobox.java
D:\Work\Projects\JDI2\Java\JDIGit\JDILight\jdi-light-html\src\main\java\com\epam\jdi\light\ui\html\base\HtmlElement.java
D:\Work\Projects\JDI2\Java\JDIGit\JDILight\jdi-light-html\src\main\java\com\epam\jdi\light\ui\html\base\HtmlList.java
D:\Work\Projects\JDI2\Java\JDIGit\JDILight\jdi-light-html\src\main\java\com\epam\jdi\light\ui\html\base\HtmlMultiDropdown.java
D:\Work\Projects\JDI2\Java\JDIGit\JDILight\jdi-light-html\src\main\java\com\epam\jdi\light\ui\html\base\HtmlRadioGroup.java
D:\Work\Projects\JDI2\Java\JDIGit\JDILight\jdi-light-html\src\main\java\com\epam\jdi\light\ui\html\base\HtmlSelector.java
D:\Work\Projects\JDI2\Java\JDIGit\JDILight\jdi-light-html\src\main\java\com\epam\jdi\light\ui\html\base\TextAreaElement.java
D:\Work\Projects\JDI2\Java\JDIGit\JDILight\jdi-light-html\src\main\java\com\epam\jdi\light\ui\html\common\Button.java
D:\Work\Projects\JDI2\Java\JDIGit\JDILight\jdi-light-html\src\main\java\com\epam\jdi\light\ui\html\common\Checkbox.java
D:\Work\Projects\JDI2\Java\JDIGit\JDILight\jdi-light-html\src\main\java\com\epam\jdi\light\ui\html\common\ColorPicker.java
D:\Work\Projects\JDI2\Java\JDIGit\JDILight\jdi-light-html\src\main\java\com\epam\jdi\light\ui\html\common\DateTimeSelector.java
D:\Work\Projects\JDI2\Java\JDIGit\JDILight\jdi-light-html\src\main\java\com\epam\jdi\light\ui\html\common\FileInput.java
D:\Work\Projects\JDI2\Java\JDIGit\JDILight\jdi-light-html\src\main\java\com\epam\jdi\light\ui\html\common\Icon.java
D:\Work\Projects\JDI2\Java\JDIGit\JDILight\jdi-light-html\src\main\java\com\epam\jdi\light\ui\html\common\Image.java
D:\Work\Projects\JDI2\Java\JDIGit\JDILight\jdi-light-html\src\main\java\com\epam\jdi\light\ui\html\common\Label.java
D:\Work\Projects\JDI2\Java\JDIGit\JDILight\jdi-light-html\src\main\java\com\epam\jdi\light\ui\html\common\Link.java
D:\Work\Projects\JDI2\Java\JDIGit\JDILight\jdi-light-html\src\main\java\com\epam\jdi\light\ui\html\common\NumberSelector.java
D:\Work\Projects\JDI2\Java\JDIGit\JDILight\jdi-light-html\src\main\java\com\epam\jdi\light\ui\html\common\ProgressBar.java
D:\Work\Projects\JDI2\Java\JDIGit\JDILight\jdi-light-html\src\main\java\com\epam\jdi\light\ui\html\common\Range.java
D:\Work\Projects\JDI2\Java\JDIGit\JDILight\jdi-light-html\src\main\java\com\epam\jdi\light\ui\html\common\Text.java
D:\Work\Projects\JDI2\Java\JDIGit\JDILight\jdi-light-html\src\main\java\com\epam\jdi\light\ui\html\common\TextArea.java
D:\Work\Projects\JDI2\Java\JDIGit\JDILight\jdi-light-html\src\main\java\com\epam\jdi\light\ui\html\common\TextField.java
D:\Work\Projects\JDI2\Java\JDIGit\JDILight\jdi-light-html\src\main\java\com\epam\jdi\light\ui\html\complex\Checklist.java
D:\Work\Projects\JDI2\Java\JDIGit\JDILight\jdi-light-html\src\main\java\com\epam\jdi\light\ui\html\complex\Combobox.java
D:\Work\Projects\JDI2\Java\JDIGit\JDILight\jdi-light-html\src\main\java\com\epam\jdi\light\ui\html\complex\DataList.java
D:\Work\Projects\JDI2\Java\JDIGit\JDILight\jdi-light-html\src\main\java\com\epam\jdi\light\ui\html\complex\Dropdown.java
D:\Work\Projects\JDI2\Java\JDIGit\JDILight\jdi-light-html\src\main\java\com\epam\jdi\light\ui\html\complex\Menu.java
D:\Work\Projects\JDI2\Java\JDIGit\JDILight\jdi-light-html\src\main\java\com\epam\jdi\light\ui\html\complex\MultiDropdown.java
D:\Work\Projects\JDI2\Java\JDIGit\JDILight\jdi-light-html\src\main\java\com\epam\jdi\light\ui\html\complex\MultiSelector.java
D:\Work\Projects\JDI2\Java\JDIGit\JDILight\jdi-light-html\src\main\java\com\epam\jdi\light\ui\html\complex\Options.java
D:\Work\Projects\JDI2\Java\JDIGit\JDILight\jdi-light-html\src\main\java\com\epam\jdi\light\ui\html\complex\RadioButtons.java
D:\Work\Projects\JDI2\Java\JDIGit\JDILight\jdi-light-html\src\main\java\com\epam\jdi\light\ui\html\complex\Tabs.java
D:\Work\Projects\JDI2\Java\JDIGit\JDILight\jdi-light-html\src\main\java\com\epam\jdi\light\ui\html\HtmlFactory.java
D:\Work\Projects\JDI2\Java\JDIGit\JDILight\jdi-light-html\src\main\java\com\epam\jdi\light\ui\html\HtmlSettings.java
D:\Work\Projects\JDI2\Java\JDIGit\JDILight\jdi-light-html\src\main\java\com\epam\jdi\light\ui\html\PageFactory.java
D:\Work\Projects\JDI2\Java\JDIGit\JDILight\jdi-light-html\src\main\java\com\epam\jdi\light\ui\html\utils\HtmlUtils.java
