-Xajruntimetarget:1.5
-Xlint:ignore
-1.8
-encoding
UTF-8
-outxml
-showWeaveInfo
-source
1.8
-target
1.8
-classpath
C:\Users\roman_iovlev\.m2\repository\io\qameta\allure\allure-java-commons\2.7.0\allure-java-commons-2.7.0.jar;C:\Users\roman_iovlev\.m2\repository\com\epam\jdi\tools\jdi-light-saber\2.0.54\jdi-light-saber-2.0.54.jar;C:\Users\roman_iovlev\.m2\repository\org\apache\logging\log4j\log4j-api\2.11.1\log4j-api-2.11.1.jar;C:\Users\roman_iovlev\.m2\repository\org\apache\logging\log4j\log4j-core\2.11.1\log4j-core-2.11.1.jar;C:\Users\roman_iovlev\.m2\repository\org\apache\logging\log4j\log4j-slf4j-impl\2.11.1\log4j-slf4j-impl-2.11.1.jar;C:\Users\roman_iovlev\.m2\repository\org\apache\logging\log4j\log4j-1.2-api\2.11.1\log4j-1.2-api-2.11.1.jar;C:\Users\roman_iovlev\.m2\repository\org\seleniumhq\selenium\selenium-java\4.0.0-alpha-1\selenium-java-4.0.0-alpha-1.jar;C:\Users\roman_iovlev\.m2\repository\net\lingala\zip4j\zip4j\1.3.3\zip4j-1.3.3.jar;C:\Users\roman_iovlev\.m2\repository\io\github\bonigarcia\webdrivermanager\3.6.0\webdrivermanager-3.6.0.jar;C:\Users\roman_iovlev\.m2\repository\org\aspectj\aspectjrt\1.9.1\aspectjrt-1.9.1.jar;C:\Users\roman_iovlev\.m2\repository\org\hamcrest\hamcrest-all\1.3\hamcrest-all-1.3.jar;C:\Users\roman_iovlev\.m2\repository\org\apache\commons\commons-lang3\3.9\commons-lang3-3.9.jar;C:\Users\roman_iovlev\.m2\repository\io\qameta\allure\allure2-model-api\1.0.0\allure2-model-api-1.0.0.jar;C:\Users\roman_iovlev\.m2\repository\io\qameta\allure\allure2-model-pojo\1.0.0\allure2-model-pojo-1.0.0.jar;C:\Users\roman_iovlev\.m2\repository\org\apache\tika\tika-core\1.14\tika-core-1.14.jar;C:\Users\roman_iovlev\.m2\repository\io\qameta\allure\allure2-model-jackson\1.0.0\allure2-model-jackson-1.0.0.jar;C:\Users\roman_iovlev\.m2\repository\com\fasterxml\jackson\core\jackson-databind\2.7.0\jackson-databind-2.7.0.jar;C:\Users\roman_iovlev\.m2\repository\com\fasterxml\jackson\core\jackson-annotations\2.7.0\jackson-annotations-2.7.0.jar;C:\Users\roman_iovlev\.m2\repository\com\fasterxml\jackson\core\jackson-core\2.7.0\jackson-core-2.7.0.jar;C:\Users\roman_iovlev\.m2\repository\com\fasterxml\jackson\module\jackson-module-jaxb-annotations\2.7.0\jackson-module-jaxb-annotations-2.7.0.jar;C:\Users\roman_iovlev\.m2\repository\org\jooq\joor-java-8\0.9.9\joor-java-8-0.9.9.jar;C:\Users\roman_iovlev\.m2\repository\org\slf4j\slf4j-api\1.7.25\slf4j-api-1.7.25.jar;C:\Users\roman_iovlev\.m2\repository\org\seleniumhq\selenium\selenium-chrome-driver\4.0.0-alpha-1\selenium-chrome-driver-4.0.0-alpha-1.jar;C:\Users\roman_iovlev\.m2\repository\org\seleniumhq\selenium\selenium-remote-driver\4.0.0-alpha-1\selenium-remote-driver-4.0.0-alpha-1.jar;C:\Users\roman_iovlev\.m2\repository\org\seleniumhq\selenium\selenium-api\4.0.0-alpha-1\selenium-api-4.0.0-alpha-1.jar;C:\Users\roman_iovlev\.m2\repository\net\bytebuddy\byte-buddy\1.9.12\byte-buddy-1.9.12.jar;C:\Users\roman_iovlev\.m2\repository\org\apache\commons\commons-exec\1.3\commons-exec-1.3.jar;C:\Users\roman_iovlev\.m2\repository\com\google\guava\guava\27.1-jre\guava-27.1-jre.jar;C:\Users\roman_iovlev\.m2\repository\com\google\guava\failureaccess\1.0.1\failureaccess-1.0.1.jar;C:\Users\roman_iovlev\.m2\repository\com\google\guava\listenablefuture\9999.0-empty-to-avoid-conflict-with-guava\listenablefuture-9999.0-empty-to-avoid-conflict-with-guava.jar;C:\Users\roman_iovlev\.m2\repository\com\google\code\findbugs\jsr305\3.0.2\jsr305-3.0.2.jar;C:\Users\roman_iovlev\.m2\repository\org\checkerframework\checker-qual\2.5.2\checker-qual-2.5.2.jar;C:\Users\roman_iovlev\.m2\repository\com\google\errorprone\error_prone_annotations\2.2.0\error_prone_annotations-2.2.0.jar;C:\Users\roman_iovlev\.m2\repository\com\google\j2objc\j2objc-annotations\1.1\j2objc-annotations-1.1.jar;C:\Users\roman_iovlev\.m2\repository\org\codehaus\mojo\animal-sniffer-annotations\1.17\animal-sniffer-annotations-1.17.jar;C:\Users\roman_iovlev\.m2\repository\com\squareup\okhttp3\okhttp\3.14.0\okhttp-3.14.0.jar;C:\Users\roman_iovlev\.m2\repository\com\squareup\okio\okio\1.17.2\okio-1.17.2.jar;C:\Users\roman_iovlev\.m2\repository\org\seleniumhq\selenium\selenium-edge-driver\4.0.0-alpha-1\selenium-edge-driver-4.0.0-alpha-1.jar;C:\Users\roman_iovlev\.m2\repository\org\seleniumhq\selenium\selenium-firefox-xpi-driver\4.0.0-alpha-1\selenium-firefox-xpi-driver-4.0.0-alpha-1.jar;C:\Users\roman_iovlev\.m2\repository\org\seleniumhq\selenium\selenium-firefox-driver\4.0.0-alpha-1\selenium-firefox-driver-4.0.0-alpha-1.jar;C:\Users\roman_iovlev\.m2\repository\org\seleniumhq\selenium\selenium-ie-driver\4.0.0-alpha-1\selenium-ie-driver-4.0.0-alpha-1.jar;C:\Users\roman_iovlev\.m2\repository\org\seleniumhq\selenium\selenium-opera-driver\4.0.0-alpha-1\selenium-opera-driver-4.0.0-alpha-1.jar;C:\Users\roman_iovlev\.m2\repository\org\seleniumhq\selenium\selenium-safari-driver\4.0.0-alpha-1\selenium-safari-driver-4.0.0-alpha-1.jar;C:\Users\roman_iovlev\.m2\repository\org\seleniumhq\selenium\selenium-support\4.0.0-alpha-1\selenium-support-4.0.0-alpha-1.jar;C:\Users\roman_iovlev\.m2\repository\commons-io\commons-io\2.6\commons-io-2.6.jar;C:\Users\roman_iovlev\.m2\repository\com\google\code\gson\gson\2.8.5\gson-2.8.5.jar;C:\Users\roman_iovlev\.m2\repository\org\apache\httpcomponents\httpclient\4.5.6\httpclient-4.5.6.jar;C:\Users\roman_iovlev\.m2\repository\org\apache\httpcomponents\httpcore\4.4.10\httpcore-4.4.10.jar;C:\Users\roman_iovlev\.m2\repository\commons-logging\commons-logging\1.2\commons-logging-1.2.jar;C:\Users\roman_iovlev\.m2\repository\commons-codec\commons-codec\1.10\commons-codec-1.10.jar;C:\Users\roman_iovlev\.m2\repository\org\rauschig\jarchivelib\1.0.0\jarchivelib-1.0.0.jar;C:\Users\roman_iovlev\.m2\repository\org\apache\commons\commons-compress\1.18\commons-compress-1.18.jar;C:\Users\roman_iovlev\.m2\repository\org\jsoup\jsoup\1.11.3\jsoup-1.11.3.jar;D:\Work\Projects\JDI2\Java\JDIGit\JDILight\jdi-light\target\classes
-d
D:\Work\Projects\JDI2\Java\JDIGit\JDILight\jdi-light\target\classes
D:\Work\Projects\JDI2\Java\JDIGit\JDILight\jdi-light\src\main\java\com\epam\jdi\light\actions\ActionHelper.java
D:\Work\Projects\JDI2\Java\JDIGit\JDILight\jdi-light\src\main\java\com\epam\jdi\light\actions\ActionOverride.java
D:\Work\Projects\JDI2\Java\JDIGit\JDILight\jdi-light\src\main\java\com\epam\jdi\light\actions\ActionProcessor.java
D:\Work\Projects\JDI2\Java\JDIGit\JDILight\jdi-light\src\main\java\com\epam\jdi\light\asserts\BaseAssert.java
D:\Work\Projects\JDI2\Java\JDIGit\JDILight\jdi-light\src\main\java\com\epam\jdi\light\asserts\BaseTableAssert.java
D:\Work\Projects\JDI2\Java\JDIGit\JDILight\jdi-light\src\main\java\com\epam\jdi\light\asserts\CommonAssert.java
D:\Work\Projects\JDI2\Java\JDIGit\JDILight\jdi-light\src\main\java\com\epam\jdi\light\asserts\DataTableAssert.java
D:\Work\Projects\JDI2\Java\JDIGit\JDILight\jdi-light\src\main\java\com\epam\jdi\light\asserts\FileAssert.java
D:\Work\Projects\JDI2\Java\JDIGit\JDILight\jdi-light\src\main\java\com\epam\jdi\light\asserts\IHasAssert.java
D:\Work\Projects\JDI2\Java\JDIGit\JDILight\jdi-light\src\main\java\com\epam\jdi\light\asserts\IsAssert.java
D:\Work\Projects\JDI2\Java\JDIGit\JDILight\jdi-light\src\main\java\com\epam\jdi\light\asserts\ListAssert.java
D:\Work\Projects\JDI2\Java\JDIGit\JDILight\jdi-light\src\main\java\com\epam\jdi\light\asserts\SelectAssert.java
D:\Work\Projects\JDI2\Java\JDIGit\JDILight\jdi-light\src\main\java\com\epam\jdi\light\asserts\SoftAssert.java
D:\Work\Projects\JDI2\Java\JDIGit\JDILight\jdi-light\src\main\java\com\epam\jdi\light\asserts\TableAssert.java
D:\Work\Projects\JDI2\Java\JDIGit\JDILight\jdi-light\src\main\java\com\epam\jdi\light\asserts\UIListAssert.java
D:\Work\Projects\JDI2\Java\JDIGit\JDILight\jdi-light\src\main\java\com\epam\jdi\light\common\CheckTypes.java
D:\Work\Projects\JDI2\Java\JDIGit\JDILight\jdi-light\src\main\java\com\epam\jdi\light\common\Exceptions.java
D:\Work\Projects\JDI2\Java\JDIGit\JDILight\jdi-light\src\main\java\com\epam\jdi\light\common\FormFilters.java
D:\Work\Projects\JDI2\Java\JDIGit\JDILight\jdi-light\src\main\java\com\epam\jdi\light\common\JDIAction.java
D:\Work\Projects\JDI2\Java\JDIGit\JDILight\jdi-light\src\main\java\com\epam\jdi\light\common\JDILocator.java
D:\Work\Projects\JDI2\Java\JDIGit\JDILight\jdi-light\src\main\java\com\epam\jdi\light\common\LocatorType.java
D:\Work\Projects\JDI2\Java\JDIGit\JDILight\jdi-light\src\main\java\com\epam\jdi\light\common\PageChecks.java
D:\Work\Projects\JDI2\Java\JDIGit\JDILight\jdi-light\src\main\java\com\epam\jdi\light\common\Timeout.java
D:\Work\Projects\JDI2\Java\JDIGit\JDILight\jdi-light\src\main\java\com\epam\jdi\light\common\UIUtils.java
D:\Work\Projects\JDI2\Java\JDIGit\JDILight\jdi-light\src\main\java\com\epam\jdi\light\common\UnixProcessUtils.java
D:\Work\Projects\JDI2\Java\JDIGit\JDILight\jdi-light\src\main\java\com\epam\jdi\light\driver\get\DownloadDriverManager.java
D:\Work\Projects\JDI2\Java\JDIGit\JDILight\jdi-light\src\main\java\com\epam\jdi\light\driver\get\DriverData.java
D:\Work\Projects\JDI2\Java\JDIGit\JDILight\jdi-light\src\main\java\com\epam\jdi\light\driver\get\DriverInfo.java
D:\Work\Projects\JDI2\Java\JDIGit\JDILight\jdi-light\src\main\java\com\epam\jdi\light\driver\get\DriverInfos.java
D:\Work\Projects\JDI2\Java\JDIGit\JDILight\jdi-light\src\main\java\com\epam\jdi\light\driver\get\DriverTypes.java
D:\Work\Projects\JDI2\Java\JDIGit\JDILight\jdi-light\src\main\java\com\epam\jdi\light\driver\get\OsTypes.java
D:\Work\Projects\JDI2\Java\JDIGit\JDILight\jdi-light\src\main\java\com\epam\jdi\light\driver\get\Platform.java
D:\Work\Projects\JDI2\Java\JDIGit\JDILight\jdi-light\src\main\java\com\epam\jdi\light\driver\get\RemoteDriver.java
D:\Work\Projects\JDI2\Java\JDIGit\JDILight\jdi-light\src\main\java\com\epam\jdi\light\driver\ScreenshotMaker.java
D:\Work\Projects\JDI2\Java\JDIGit\JDILight\jdi-light\src\main\java\com\epam\jdi\light\driver\WebDriverByUtils.java
D:\Work\Projects\JDI2\Java\JDIGit\JDILight\jdi-light\src\main\java\com\epam\jdi\light\driver\WebDriverFactory.java
D:\Work\Projects\JDI2\Java\JDIGit\JDILight\jdi-light\src\main\java\com\epam\jdi\light\driver\WebDriverUtils.java
D:\Work\Projects\JDI2\Java\JDIGit\JDILight\jdi-light\src\main\java\com\epam\jdi\light\elements\base\Alerts.java
D:\Work\Projects\JDI2\Java\JDIGit\JDILight\jdi-light\src\main\java\com\epam\jdi\light\elements\base\BaseElement.java
D:\Work\Projects\JDI2\Java\JDIGit\JDILight\jdi-light\src\main\java\com\epam\jdi\light\elements\base\BaseFindElement.java
D:\Work\Projects\JDI2\Java\JDIGit\JDILight\jdi-light\src\main\java\com\epam\jdi\light\elements\base\BaseUIElement.java
D:\Work\Projects\JDI2\Java\JDIGit\JDILight\jdi-light\src\main\java\com\epam\jdi\light\elements\base\Cookies.java
D:\Work\Projects\JDI2\Java\JDIGit\JDILight\jdi-light\src\main\java\com\epam\jdi\light\elements\base\DriverBase.java
D:\Work\Projects\JDI2\Java\JDIGit\JDILight\jdi-light\src\main\java\com\epam\jdi\light\elements\base\JDIBase.java
D:\Work\Projects\JDI2\Java\JDIGit\JDILight\jdi-light\src\main\java\com\epam\jdi\light\elements\base\JDIElement.java
D:\Work\Projects\JDI2\Java\JDIGit\JDILight\jdi-light\src\main\java\com\epam\jdi\light\elements\base\OutputTemplates.java
D:\Work\Projects\JDI2\Java\JDIGit\JDILight\jdi-light\src\main\java\com\epam\jdi\light\elements\base\UIElement.java
D:\Work\Projects\JDI2\Java\JDIGit\JDILight\jdi-light\src\main\java\com\epam\jdi\light\elements\base\WindowsManager.java
D:\Work\Projects\JDI2\Java\JDIGit\JDILight\jdi-light\src\main\java\com\epam\jdi\light\elements\complex\Droplist.java
D:\Work\Projects\JDI2\Java\JDIGit\JDILight\jdi-light\src\main\java\com\epam\jdi\light\elements\complex\IHasSize.java
D:\Work\Projects\JDI2\Java\JDIGit\JDILight\jdi-light\src\main\java\com\epam\jdi\light\elements\complex\IList.java
D:\Work\Projects\JDI2\Java\JDIGit\JDILight\jdi-light\src\main\java\com\epam\jdi\light\elements\complex\ISelector.java
D:\Work\Projects\JDI2\Java\JDIGit\JDILight\jdi-light\src\main\java\com\epam\jdi\light\elements\complex\ISetup.java
D:\Work\Projects\JDI2\Java\JDIGit\JDILight\jdi-light\src\main\java\com\epam\jdi\light\elements\complex\JList.java
D:\Work\Projects\JDI2\Java\JDIGit\JDILight\jdi-light\src\main\java\com\epam\jdi\light\elements\complex\Selector.java
D:\Work\Projects\JDI2\Java\JDIGit\JDILight\jdi-light\src\main\java\com\epam\jdi\light\elements\complex\table\BaseTable.java
D:\Work\Projects\JDI2\Java\JDIGit\JDILight\jdi-light\src\main\java\com\epam\jdi\light\elements\complex\table\CacheAll.java
D:\Work\Projects\JDI2\Java\JDIGit\JDILight\jdi-light\src\main\java\com\epam\jdi\light\elements\complex\table\Column.java
D:\Work\Projects\JDI2\Java\JDIGit\JDILight\jdi-light\src\main\java\com\epam\jdi\light\elements\complex\table\DataTable.java
D:\Work\Projects\JDI2\Java\JDIGit\JDILight\jdi-light\src\main\java\com\epam\jdi\light\elements\complex\table\Line.java
D:\Work\Projects\JDI2\Java\JDIGit\JDILight\jdi-light\src\main\java\com\epam\jdi\light\elements\complex\table\NameNum.java
D:\Work\Projects\JDI2\Java\JDIGit\JDILight\jdi-light\src\main\java\com\epam\jdi\light\elements\complex\table\Row.java
D:\Work\Projects\JDI2\Java\JDIGit\JDILight\jdi-light\src\main\java\com\epam\jdi\light\elements\complex\table\Single.java
D:\Work\Projects\JDI2\Java\JDIGit\JDILight\jdi-light\src\main\java\com\epam\jdi\light\elements\complex\table\Table.java
D:\Work\Projects\JDI2\Java\JDIGit\JDILight\jdi-light\src\main\java\com\epam\jdi\light\elements\complex\table\TableMatcher.java
D:\Work\Projects\JDI2\Java\JDIGit\JDILight\jdi-light\src\main\java\com\epam\jdi\light\elements\complex\UIList.java
D:\Work\Projects\JDI2\Java\JDIGit\JDILight\jdi-light\src\main\java\com\epam\jdi\light\elements\complex\WebList.java
D:\Work\Projects\JDI2\Java\JDIGit\JDILight\jdi-light\src\main\java\com\epam\jdi\light\elements\composite\Form.java
D:\Work\Projects\JDI2\Java\JDIGit\JDILight\jdi-light\src\main\java\com\epam\jdi\light\elements\composite\Section.java
D:\Work\Projects\JDI2\Java\JDIGit\JDILight\jdi-light\src\main\java\com\epam\jdi\light\elements\composite\WebPage.java
D:\Work\Projects\JDI2\Java\JDIGit\JDILight\jdi-light\src\main\java\com\epam\jdi\light\elements\init\InitActions.java
D:\Work\Projects\JDI2\Java\JDIGit\JDILight\jdi-light\src\main\java\com\epam\jdi\light\elements\init\PageFactory.java
D:\Work\Projects\JDI2\Java\JDIGit\JDILight\jdi-light\src\main\java\com\epam\jdi\light\elements\init\rules\InitRule.java
D:\Work\Projects\JDI2\Java\JDIGit\JDILight\jdi-light\src\main\java\com\epam\jdi\light\elements\init\rules\SetupRule.java
D:\Work\Projects\JDI2\Java\JDIGit\JDILight\jdi-light\src\main\java\com\epam\jdi\light\elements\init\SiteInfo.java
D:\Work\Projects\JDI2\Java\JDIGit\JDILight\jdi-light\src\main\java\com\epam\jdi\light\elements\init\UIFactory.java
D:\Work\Projects\JDI2\Java\JDIGit\JDILight\jdi-light\src\main\java\com\epam\jdi\light\elements\interfaces\HasCache.java
D:\Work\Projects\JDI2\Java\JDIGit\JDILight\jdi-light\src\main\java\com\epam\jdi\light\elements\interfaces\HasValue.java
D:\Work\Projects\JDI2\Java\JDIGit\JDILight\jdi-light\src\main\java\com\epam\jdi\light\elements\interfaces\INamed.java
D:\Work\Projects\JDI2\Java\JDIGit\JDILight\jdi-light\src\main\java\com\epam\jdi\light\elements\interfaces\PageObject.java
D:\Work\Projects\JDI2\Java\JDIGit\JDILight\jdi-light\src\main\java\com\epam\jdi\light\elements\interfaces\SetValue.java
D:\Work\Projects\JDI2\Java\JDIGit\JDILight\jdi-light\src\main\java\com\epam\jdi\light\elements\pageobjects\annotations\FindBy.java
D:\Work\Projects\JDI2\Java\JDIGit\JDILight\jdi-light\src\main\java\com\epam\jdi\light\elements\pageobjects\annotations\FindBys.java
D:\Work\Projects\JDI2\Java\JDIGit\JDILight\jdi-light\src\main\java\com\epam\jdi\light\elements\pageobjects\annotations\Frame.java
D:\Work\Projects\JDI2\Java\JDIGit\JDILight\jdi-light\src\main\java\com\epam\jdi\light\elements\pageobjects\annotations\JSite.java
D:\Work\Projects\JDI2\Java\JDIGit\JDILight\jdi-light\src\main\java\com\epam\jdi\light\elements\pageobjects\annotations\Mandatory.java
D:\Work\Projects\JDI2\Java\JDIGit\JDILight\jdi-light\src\main\java\com\epam\jdi\light\elements\pageobjects\annotations\Name.java
D:\Work\Projects\JDI2\Java\JDIGit\JDILight\jdi-light\src\main\java\com\epam\jdi\light\elements\pageobjects\annotations\objects\FillFromAnnotationRules.java
D:\Work\Projects\JDI2\Java\JDIGit\JDILight\jdi-light\src\main\java\com\epam\jdi\light\elements\pageobjects\annotations\objects\JCheckList.java
D:\Work\Projects\JDI2\Java\JDIGit\JDILight\jdi-light\src\main\java\com\epam\jdi\light\elements\pageobjects\annotations\objects\JDropdown.java
D:\Work\Projects\JDI2\Java\JDIGit\JDILight\jdi-light\src\main\java\com\epam\jdi\light\elements\pageobjects\annotations\objects\JPagination.java
D:\Work\Projects\JDI2\Java\JDIGit\JDILight\jdi-light\src\main\java\com\epam\jdi\light\elements\pageobjects\annotations\objects\JTable.java
D:\Work\Projects\JDI2\Java\JDIGit\JDILight\jdi-light\src\main\java\com\epam\jdi\light\elements\pageobjects\annotations\objects\TableHeaderTypes.java
D:\Work\Projects\JDI2\Java\JDIGit\JDILight\jdi-light\src\main\java\com\epam\jdi\light\elements\pageobjects\annotations\Root.java
D:\Work\Projects\JDI2\Java\JDIGit\JDILight\jdi-light\src\main\java\com\epam\jdi\light\elements\pageobjects\annotations\simple\ByText.java
D:\Work\Projects\JDI2\Java\JDIGit\JDILight\jdi-light\src\main\java\com\epam\jdi\light\elements\pageobjects\annotations\simple\Css.java
D:\Work\Projects\JDI2\Java\JDIGit\JDILight\jdi-light\src\main\java\com\epam\jdi\light\elements\pageobjects\annotations\simple\JMenu.java
D:\Work\Projects\JDI2\Java\JDIGit\JDILight\jdi-light\src\main\java\com\epam\jdi\light\elements\pageobjects\annotations\simple\UI.java
D:\Work\Projects\JDI2\Java\JDIGit\JDILight\jdi-light\src\main\java\com\epam\jdi\light\elements\pageobjects\annotations\simple\WithText.java
D:\Work\Projects\JDI2\Java\JDIGit\JDILight\jdi-light\src\main\java\com\epam\jdi\light\elements\pageobjects\annotations\simple\XPath.java
D:\Work\Projects\JDI2\Java\JDIGit\JDILight\jdi-light\src\main\java\com\epam\jdi\light\elements\pageobjects\annotations\Title.java
D:\Work\Projects\JDI2\Java\JDIGit\JDILight\jdi-light\src\main\java\com\epam\jdi\light\elements\pageobjects\annotations\Url.java
D:\Work\Projects\JDI2\Java\JDIGit\JDILight\jdi-light\src\main\java\com\epam\jdi\light\elements\pageobjects\annotations\WaitTime.java
D:\Work\Projects\JDI2\Java\JDIGit\JDILight\jdi-light\src\main\java\com\epam\jdi\light\elements\pageobjects\annotations\WebAnnotationsUtil.java
D:\Work\Projects\JDI2\Java\JDIGit\JDILight\jdi-light\src\main\java\com\epam\jdi\light\logger\ILogger.java
D:\Work\Projects\JDI2\Java\JDIGit\JDILight\jdi-light\src\main\java\com\epam\jdi\light\logger\JDILogger.java
D:\Work\Projects\JDI2\Java\JDIGit\JDILight\jdi-light\src\main\java\com\epam\jdi\light\logger\LogLevels.java
D:\Work\Projects\JDI2\Java\JDIGit\JDILight\jdi-light\src\main\java\com\epam\jdi\light\preconditions\IPreconditions.java
D:\Work\Projects\JDI2\Java\JDIGit\JDILight\jdi-light\src\main\java\com\epam\jdi\light\preconditions\WebPreconditions.java
D:\Work\Projects\JDI2\Java\JDIGit\JDILight\jdi-light\src\main\java\com\epam\jdi\light\settings\TimeoutSettings.java
D:\Work\Projects\JDI2\Java\JDIGit\JDILight\jdi-light\src\main\java\com\epam\jdi\light\settings\WebSettings.java
